<?xml version="1.0" encoding="UTF-8"?>
<!-- Generated by org.testng.reporters.JUnitReportReporter -->
<testsuite hostname="FFE-Rohith-FFE143" failures="0" tests="1" name="com.swaglabs.testscript.MainExecutionClass" time="2.356" errors="0" timestamp="2024-08-31T10:27:01 IST" skipped="0">
  <testcase classname="com.swaglabs.testscript.MainExecutionClass" name="crud" time="2.356"/>
  <system-out>
    <![CDATA[crudpassed]]>
  </system-out>
</testsuite> <!-- com.swaglabs.testscript.MainExecutionClass -->
