<?xml version="1.0" encoding="UTF-8"?>
<!-- Generated by org.testng.reporters.JUnitReportReporter -->
<testsuite hostname="FFE-Rohith-FFE143" failures="0" tests="1" name="com.actitime.generic.AccessingBaseClass" time="19.281" errors="0" timestamp="2024-08-14T18:14:36 IST" skipped="0">
  <testcase classname="com.actitime.generic.AccessingBaseClass" name="one" time="19.281"/>
  <system-out>
    <![CDATA[Browser Opened successfully
logged in successfully
loggedout in successfully
Closed Browser]]>
  </system-out>
</testsuite> <!-- com.actitime.generic.AccessingBaseClass -->
