<?xml version="1.0" encoding="UTF-8"?>
<!-- Generated by org.testng.reporters.JUnitReportReporter -->
<testsuite hostname="FFE-Rohith-FFE143" failures="0" tests="1" name="com.actitime.testscript.AccessingBaseClass" time="18.062" errors="0" timestamp="2024-08-14T18:29:12 IST" skipped="0">
  <testcase classname="com.actitime.testscript.AccessingBaseClass" name="one" time="18.062"/>
  <system-out>
    <![CDATA[Browser Opened successfully
logged in successfully
logged out  successfully
Closed Browser]]>
  </system-out>
</testsuite> <!-- com.actitime.testscript.AccessingBaseClass -->
