<?xml version="1.0" encoding="UTF-8"?>
<!-- Generated by org.testng.reporters.JUnitReportReporter -->
<testsuite hostname="FFE-Rohith-FFE143" failures="0" tests="3" name="com.actitime.testscript.Test_Annotation" time="25.652" errors="0" timestamp="2024-08-13T18:24:42 IST" skipped="0">
  <testcase classname="com.actitime.testscript.Test_Annotation" name="methodC" time="9.470"/>
  <system-out/>
  <testcase classname="com.actitime.testscript.Test_Annotation" name="methodA" time="9.613"/>
  <system-out/>
  <testcase classname="com.actitime.testscript.Test_Annotation" name="methodB" time="6.569"/>
  <system-out/>
</testsuite> <!-- com.actitime.testscript.Test_Annotation -->
